2017-06-08 09:30:34 6812 [Note] Plugin 'FEDERATED' is disabled.
2017-06-08 09:30:34 6812 [Note] InnoDB: Using atomics to ref count buffer pool pages
2017-06-08 09:30:34 6812 [Note] InnoDB: The InnoDB memory heap is disabled
2017-06-08 09:30:34 6812 [Note] InnoDB: Mutexes and rw_locks use Windows interlocked functions
2017-06-08 09:30:34 6812 [Note] InnoDB: Memory barrier is not used
2017-06-08 09:30:34 6812 [Note] InnoDB: Compressed tables use zlib 1.2.3
2017-06-08 09:30:34 6812 [Note] InnoDB: Not using CPU crc32 instructions
2017-06-08 09:30:34 6812 [Note] InnoDB: Initializing buffer pool, size = 32.0M
2017-06-08 09:30:34 6812 [Note] InnoDB: Completed initialization of buffer pool
2017-06-08 09:30:34 6812 [Note] InnoDB: Highest supported file format is Barracuda.
2017-06-08 09:30:34 6812 [Note] InnoDB: 128 rollback segment(s) are active.
2017-06-08 09:30:34 6812 [Note] InnoDB: Waiting for purge to start
2017-06-08 09:30:34 6812 [Note] InnoDB: 5.6.35 started; log sequence number 1771182
2017-06-08 09:30:34 6812 [Warning] No existing UUID has been found, so we assume that this is the first time that this server has been started. Generating a new UUID: 5c3805f6-4c1c-11e7-887f-7427eabfb3f7.
2017-06-08 09:30:34 6812 [Note] Server hostname (bind-address): '127.0.0.1'; port: 3306
2017-06-08 09:30:34 6812 [Note]   - '127.0.0.1' resolves to '127.0.0.1';
2017-06-08 09:30:34 6812 [Note] Server socket created on IP: '127.0.0.1'.
2017-06-08 09:30:34 6812 [Note] Event Scheduler: Loaded 0 events
2017-06-08 09:30:34 6812 [Note] Execution of init_file 'D:\UniServerZ\core\mysql\bin\mysql-init.txt' started.
2017-06-08 09:30:34 6812 [Note] Execution of init_file 'D:\UniServerZ\core\mysql\bin\mysql-init.txt' ended.
2017-06-08 09:30:34 6812 [Note] D:\UniServerZ\core\mysql\bin\mysqld_z.exe: ready for connections.
Version: '5.6.35'  socket: ''  port: 3306  MySQL Community Server (GPL)
2017-06-08 09:30:41 5320 [Note] Plugin 'FEDERATED' is disabled.
2017-06-08 09:30:41 5320 [Note] InnoDB: Using atomics to ref count buffer pool pages
2017-06-08 09:30:41 5320 [Note] InnoDB: The InnoDB memory heap is disabled
2017-06-08 09:30:41 5320 [Note] InnoDB: Mutexes and rw_locks use Windows interlocked functions
2017-06-08 09:30:41 5320 [Note] InnoDB: Memory barrier is not used
2017-06-08 09:30:41 5320 [Note] InnoDB: Compressed tables use zlib 1.2.3
2017-06-08 09:30:41 5320 [Note] InnoDB: Not using CPU crc32 instructions
2017-06-08 09:30:41 5320 [Note] InnoDB: Initializing buffer pool, size = 32.0M
2017-06-08 09:30:41 5320 [Note] InnoDB: Completed initialization of buffer pool
2017-06-08 09:30:42 5320 [Note] InnoDB: Highest supported file format is Barracuda.
2017-06-08 09:30:42 5320 [Note] InnoDB: 128 rollback segment(s) are active.
2017-06-08 09:30:42 5320 [Note] InnoDB: Waiting for purge to start
2017-06-08 09:30:42 5320 [Note] InnoDB: 5.6.35 started; log sequence number 1771182
2017-06-08 09:30:42 5320 [Note] Server hostname (bind-address): '127.0.0.1'; port: 3306
2017-06-08 09:30:42 5320 [Note]   - '127.0.0.1' resolves to '127.0.0.1';
2017-06-08 09:30:42 5320 [Note] Server socket created on IP: '127.0.0.1'.
2017-06-08 09:30:42 5320 [Note] Event Scheduler: Loaded 0 events
2017-06-08 09:30:42 5320 [Note] D:\UniServerZ\core\mysql\bin\mysqld_z.exe: ready for connections.
Version: '5.6.35'  socket: ''  port: 3306  MySQL Community Server (GPL)
2017-06-08 09:42:08 5320 [Note] D:\UniServerZ\core\mysql\bin\mysqld_z.exe: Normal shutdown

2017-06-08 09:42:08 5320 [Note] Giving 0 client threads a chance to die gracefully
2017-06-08 09:42:08 5320 [Note] Event Scheduler: Purging the queue. 0 events
2017-06-08 09:42:08 5320 [Note] Shutting down slave threads
2017-06-08 09:42:08 5320 [Note] Forcefully disconnecting 0 remaining clients
2017-06-08 09:42:08 5320 [Note] Binlog end
2017-06-08 09:42:08 5320 [Note] Shutting down plugin 'partition'
2017-06-08 09:42:08 5320 [Note] Shutting down plugin 'PERFORMANCE_SCHEMA'
2017-06-08 09:42:08 5320 [Note] Shutting down plugin 'INNODB_SYS_DATAFILES'
2017-06-08 09:42:08 5320 [Note] Shutting down plugin 'INNODB_SYS_TABLESPACES'
2017-06-08 09:42:08 5320 [Note] Shutting down plugin 'INNODB_SYS_FOREIGN_COLS'
2017-06-08 09:42:08 5320 [Note] Shutting down plugin 'INNODB_SYS_FOREIGN'
2017-06-08 09:42:08 5320 [Note] Shutting down plugin 'INNODB_SYS_FIELDS'
2017-06-08 09:42:08 5320 [Note] Shutting down plugin 'INNODB_SYS_COLUMNS'
2017-06-08 09:42:08 5320 [Note] Shutting down plugin 'INNODB_SYS_INDEXES'
2017-06-08 09:42:08 5320 [Note] Shutting down plugin 'INNODB_SYS_TABLESTATS'
2017-06-08 09:42:08 5320 [Note] Shutting down plugin 'INNODB_SYS_TABLES'
2017-06-08 09:42:08 5320 [Note] Shutting down plugin 'INNODB_FT_INDEX_TABLE'
2017-06-08 09:42:08 5320 [Note] Shutting down plugin 'INNODB_FT_INDEX_CACHE'
2017-06-08 09:42:08 5320 [Note] Shutting down plugin 'INNODB_FT_CONFIG'
2017-06-08 09:42:08 5320 [Note] Shutting down plugin 'INNODB_FT_BEING_DELETED'
2017-06-08 09:42:08 5320 [Note] Shutting down plugin 'INNODB_FT_DELETED'
2017-06-08 09:42:08 5320 [Note] Shutting down plugin 'INNODB_FT_DEFAULT_STOPWORD'
2017-06-08 09:42:08 5320 [Note] Shutting down plugin 'INNODB_METRICS'
2017-06-08 09:42:08 5320 [Note] Shutting down plugin 'INNODB_BUFFER_POOL_STATS'
2017-06-08 09:42:08 5320 [Note] Shutting down plugin 'INNODB_BUFFER_PAGE_LRU'
2017-06-08 09:42:08 5320 [Note] Shutting down plugin 'INNODB_BUFFER_PAGE'
2017-06-08 09:42:08 5320 [Note] Shutting down plugin 'INNODB_CMP_PER_INDEX_RESET'
2017-06-08 09:42:08 5320 [Note] Shutting down plugin 'INNODB_CMP_PER_INDEX'
2017-06-08 09:42:08 5320 [Note] Shutting down plugin 'INNODB_CMPMEM_RESET'
2017-06-08 09:42:08 5320 [Note] Shutting down plugin 'INNODB_CMPMEM'
2017-06-08 09:42:08 5320 [Note] Shutting down plugin 'INNODB_CMP_RESET'
2017-06-08 09:42:08 5320 [Note] Shutting down plugin 'INNODB_CMP'
2017-06-08 09:42:08 5320 [Note] Shutting down plugin 'INNODB_LOCK_WAITS'
2017-06-08 09:42:08 5320 [Note] Shutting down plugin 'INNODB_LOCKS'
2017-06-08 09:42:08 5320 [Note] Shutting down plugin 'INNODB_TRX'
2017-06-08 09:42:08 5320 [Note] Shutting down plugin 'InnoDB'
2017-06-08 09:42:08 5320 [Note] InnoDB: FTS optimize thread exiting.
2017-06-08 09:42:08 5320 [Note] InnoDB: Starting shutdown...
2017-06-08 09:42:10 5320 [Note] InnoDB: Shutdown completed; log sequence number 2603208
2017-06-08 09:42:10 5320 [Note] Shutting down plugin 'BLACKHOLE'
2017-06-08 09:42:10 5320 [Note] Shutting down plugin 'ARCHIVE'
2017-06-08 09:42:10 5320 [Note] Shutting down plugin 'MRG_MYISAM'
2017-06-08 09:42:10 5320 [Note] Shutting down plugin 'MyISAM'
2017-06-08 09:42:10 5320 [Note] Shutting down plugin 'MEMORY'
2017-06-08 09:42:10 5320 [Note] Shutting down plugin 'CSV'
2017-06-08 09:42:10 5320 [Note] Shutting down plugin 'sha256_password'
2017-06-08 09:42:10 5320 [Note] Shutting down plugin 'mysql_old_password'
2017-06-08 09:42:10 5320 [Note] Shutting down plugin 'mysql_native_password'
2017-06-08 09:42:10 5320 [Note] Shutting down plugin 'binlog'
2017-06-08 09:42:10 5320 [Note] D:\UniServerZ\core\mysql\bin\mysqld_z.exe: Shutdown complete

2017-06-08 09:57:04 5200 [Note] Plugin 'FEDERATED' is disabled.
2017-06-08 09:57:04 5200 [Note] InnoDB: Using atomics to ref count buffer pool pages
2017-06-08 09:57:04 5200 [Note] InnoDB: The InnoDB memory heap is disabled
2017-06-08 09:57:04 5200 [Note] InnoDB: Mutexes and rw_locks use Windows interlocked functions
2017-06-08 09:57:04 5200 [Note] InnoDB: Memory barrier is not used
2017-06-08 09:57:04 5200 [Note] InnoDB: Compressed tables use zlib 1.2.3
2017-06-08 09:57:04 5200 [Note] InnoDB: Not using CPU crc32 instructions
2017-06-08 09:57:04 5200 [Note] InnoDB: Initializing buffer pool, size = 32.0M
2017-06-08 09:57:04 5200 [Note] InnoDB: Completed initialization of buffer pool
2017-06-08 09:57:04 5200 [Note] InnoDB: Highest supported file format is Barracuda.
2017-06-08 09:57:05 5200 [Note] InnoDB: 128 rollback segment(s) are active.
2017-06-08 09:57:05 5200 [Note] InnoDB: Waiting for purge to start
2017-06-08 09:57:05 5200 [Note] InnoDB: 5.6.35 started; log sequence number 2603208
2017-06-08 09:57:05 5200 [Note] Server hostname (bind-address): '127.0.0.1'; port: 3306
2017-06-08 09:57:05 5200 [Note]   - '127.0.0.1' resolves to '127.0.0.1';
2017-06-08 09:57:05 5200 [Note] Server socket created on IP: '127.0.0.1'.
2017-06-08 09:57:06 5200 [Note] Event Scheduler: Loaded 0 events
2017-06-08 09:57:06 5200 [Note] G:\BICT\UniServerZ\core\mysql\bin\mysqld_z.exe: ready for connections.
Version: '5.6.35'  socket: ''  port: 3306  MySQL Community Server (GPL)
2017-06-08 09:57:36 5200 [Note] G:\BICT\UniServerZ\core\mysql\bin\mysqld_z.exe: Normal shutdown

2017-06-08 09:57:36 5200 [Note] Giving 0 client threads a chance to die gracefully
2017-06-08 09:57:36 5200 [Note] Event Scheduler: Purging the queue. 0 events
2017-06-08 09:57:36 5200 [Note] Shutting down slave threads
2017-06-08 09:57:36 5200 [Note] Forcefully disconnecting 0 remaining clients
2017-06-08 09:57:36 5200 [Note] Binlog end
2017-06-08 09:57:36 5200 [Note] Shutting down plugin 'partition'
2017-06-08 09:57:36 5200 [Note] Shutting down plugin 'PERFORMANCE_SCHEMA'
2017-06-08 09:57:36 5200 [Note] Shutting down plugin 'INNODB_SYS_DATAFILES'
2017-06-08 09:57:36 5200 [Note] Shutting down plugin 'INNODB_SYS_TABLESPACES'
2017-06-08 09:57:36 5200 [Note] Shutting down plugin 'INNODB_SYS_FOREIGN_COLS'
2017-06-08 09:57:36 5200 [Note] Shutting down plugin 'INNODB_SYS_FOREIGN'
2017-06-08 09:57:36 5200 [Note] Shutting down plugin 'INNODB_SYS_FIELDS'
2017-06-08 09:57:36 5200 [Note] Shutting down plugin 'INNODB_SYS_COLUMNS'
2017-06-08 09:57:36 5200 [Note] Shutting down plugin 'INNODB_SYS_INDEXES'
2017-06-08 09:57:36 5200 [Note] Shutting down plugin 'INNODB_SYS_TABLESTATS'
2017-06-08 09:57:36 5200 [Note] Shutting down plugin 'INNODB_SYS_TABLES'
2017-06-08 09:57:36 5200 [Note] Shutting down plugin 'INNODB_FT_INDEX_TABLE'
2017-06-08 09:57:36 5200 [Note] Shutting down plugin 'INNODB_FT_INDEX_CACHE'
2017-06-08 09:57:36 5200 [Note] Shutting down plugin 'INNODB_FT_CONFIG'
2017-06-08 09:57:36 5200 [Note] Shutting down plugin 'INNODB_FT_BEING_DELETED'
2017-06-08 09:57:36 5200 [Note] Shutting down plugin 'INNODB_FT_DELETED'
2017-06-08 09:57:36 5200 [Note] Shutting down plugin 'INNODB_FT_DEFAULT_STOPWORD'
2017-06-08 09:57:36 5200 [Note] Shutting down plugin 'INNODB_METRICS'
2017-06-08 09:57:36 5200 [Note] Shutting down plugin 'INNODB_BUFFER_POOL_STATS'
2017-06-08 09:57:36 5200 [Note] Shutting down plugin 'INNODB_BUFFER_PAGE_LRU'
2017-06-08 09:57:36 5200 [Note] Shutting down plugin 'INNODB_BUFFER_PAGE'
2017-06-08 09:57:36 5200 [Note] Shutting down plugin 'INNODB_CMP_PER_INDEX_RESET'
2017-06-08 09:57:36 5200 [Note] Shutting down plugin 'INNODB_CMP_PER_INDEX'
2017-06-08 09:57:36 5200 [Note] Shutting down plugin 'INNODB_CMPMEM_RESET'
2017-06-08 09:57:36 5200 [Note] Shutting down plugin 'INNODB_CMPMEM'
2017-06-08 09:57:36 5200 [Note] Shutting down plugin 'INNODB_CMP_RESET'
2017-06-08 09:57:36 5200 [Note] Shutting down plugin 'INNODB_CMP'
2017-06-08 09:57:36 5200 [Note] Shutting down plugin 'INNODB_LOCK_WAITS'
2017-06-08 09:57:36 5200 [Note] Shutting down plugin 'INNODB_LOCKS'
2017-06-08 09:57:36 5200 [Note] Shutting down plugin 'INNODB_TRX'
2017-06-08 09:57:36 5200 [Note] Shutting down plugin 'InnoDB'
2017-06-08 09:57:36 5200 [Note] InnoDB: FTS optimize thread exiting.
2017-06-08 09:57:36 5200 [Note] InnoDB: Starting shutdown...
2017-06-08 09:57:36 5200 [Note] InnoDB: Shutdown completed; log sequence number 2603218
2017-06-08 09:57:36 5200 [Note] Shutting down plugin 'BLACKHOLE'
2017-06-08 09:57:36 5200 [Note] Shutting down plugin 'ARCHIVE'
2017-06-08 09:57:36 5200 [Note] Shutting down plugin 'MRG_MYISAM'
2017-06-08 09:57:36 5200 [Note] Shutting down plugin 'MyISAM'
2017-06-08 09:57:36 5200 [Note] Shutting down plugin 'MEMORY'
2017-06-08 09:57:36 5200 [Note] Shutting down plugin 'CSV'
2017-06-08 09:57:36 5200 [Note] Shutting down plugin 'sha256_password'
2017-06-08 09:57:36 5200 [Note] Shutting down plugin 'mysql_old_password'
2017-06-08 09:57:36 5200 [Note] Shutting down plugin 'mysql_native_password'
2017-06-08 09:57:36 5200 [Note] Shutting down plugin 'binlog'
2017-06-08 09:57:37 5200 [Note] G:\BICT\UniServerZ\core\mysql\bin\mysqld_z.exe: Shutdown complete

2017-06-08 09:58:39 6980 [Note] Plugin 'FEDERATED' is disabled.
2017-06-08 09:58:39 6980 [Note] InnoDB: Using atomics to ref count buffer pool pages
2017-06-08 09:58:39 6980 [Note] InnoDB: The InnoDB memory heap is disabled
2017-06-08 09:58:39 6980 [Note] InnoDB: Mutexes and rw_locks use Windows interlocked functions
2017-06-08 09:58:39 6980 [Note] InnoDB: Memory barrier is not used
2017-06-08 09:58:39 6980 [Note] InnoDB: Compressed tables use zlib 1.2.3
2017-06-08 09:58:39 6980 [Note] InnoDB: Not using CPU crc32 instructions
2017-06-08 09:58:39 6980 [Note] InnoDB: Initializing buffer pool, size = 32.0M
2017-06-08 09:58:39 6980 [Note] InnoDB: Completed initialization of buffer pool
2017-06-08 09:58:39 6980 [Note] InnoDB: Highest supported file format is Barracuda.
2017-06-08 09:58:40 6980 [Note] InnoDB: 128 rollback segment(s) are active.
2017-06-08 09:58:40 6980 [Note] InnoDB: Waiting for purge to start
2017-06-08 09:58:40 6980 [Note] InnoDB: 5.6.35 started; log sequence number 2603218
2017-06-08 09:58:40 6980 [Note] Server hostname (bind-address): '127.0.0.1'; port: 3306
2017-06-08 09:58:40 6980 [Note]   - '127.0.0.1' resolves to '127.0.0.1';
2017-06-08 09:58:40 6980 [Note] Server socket created on IP: '127.0.0.1'.
2017-06-08 09:58:40 6980 [Note] Event Scheduler: Loaded 0 events
2017-06-08 09:58:40 6980 [Note] G:\BICT\UniServerZ\core\mysql\bin\mysqld_z.exe: ready for connections.
Version: '5.6.35'  socket: ''  port: 3306  MySQL Community Server (GPL)
2017-06-08 09:59:15 6980 [Note] G:\BICT\UniServerZ\core\mysql\bin\mysqld_z.exe: Normal shutdown

2017-06-08 09:59:15 6980 [Note] Giving 0 client threads a chance to die gracefully
2017-06-08 09:59:15 6980 [Note] Event Scheduler: Purging the queue. 0 events
2017-06-08 09:59:15 6980 [Note] Shutting down slave threads
2017-06-08 09:59:15 6980 [Note] Forcefully disconnecting 0 remaining clients
2017-06-08 09:59:15 6980 [Note] Binlog end
2017-06-08 09:59:15 6980 [Note] Shutting down plugin 'partition'
2017-06-08 09:59:15 6980 [Note] Shutting down plugin 'PERFORMANCE_SCHEMA'
2017-06-08 09:59:15 6980 [Note] Shutting down plugin 'INNODB_SYS_DATAFILES'
2017-06-08 09:59:15 6980 [Note] Shutting down plugin 'INNODB_SYS_TABLESPACES'
2017-06-08 09:59:15 6980 [Note] Shutting down plugin 'INNODB_SYS_FOREIGN_COLS'
2017-06-08 09:59:15 6980 [Note] Shutting down plugin 'INNODB_SYS_FOREIGN'
2017-06-08 09:59:15 6980 [Note] Shutting down plugin 'INNODB_SYS_FIELDS'
2017-06-08 09:59:15 6980 [Note] Shutting down plugin 'INNODB_SYS_COLUMNS'
2017-06-08 09:59:15 6980 [Note] Shutting down plugin 'INNODB_SYS_INDEXES'
2017-06-08 09:59:15 6980 [Note] Shutting down plugin 'INNODB_SYS_TABLESTATS'
2017-06-08 09:59:15 6980 [Note] Shutting down plugin 'INNODB_SYS_TABLES'
2017-06-08 09:59:15 6980 [Note] Shutting down plugin 'INNODB_FT_INDEX_TABLE'
2017-06-08 09:59:15 6980 [Note] Shutting down plugin 'INNODB_FT_INDEX_CACHE'
2017-06-08 09:59:15 6980 [Note] Shutting down plugin 'INNODB_FT_CONFIG'
2017-06-08 09:59:15 6980 [Note] Shutting down plugin 'INNODB_FT_BEING_DELETED'
2017-06-08 09:59:15 6980 [Note] Shutting down plugin 'INNODB_FT_DELETED'
2017-06-08 09:59:15 6980 [Note] Shutting down plugin 'INNODB_FT_DEFAULT_STOPWORD'
2017-06-08 09:59:15 6980 [Note] Shutting down plugin 'INNODB_METRICS'
2017-06-08 09:59:15 6980 [Note] Shutting down plugin 'INNODB_BUFFER_POOL_STATS'
2017-06-08 09:59:15 6980 [Note] Shutting down plugin 'INNODB_BUFFER_PAGE_LRU'
2017-06-08 09:59:15 6980 [Note] Shutting down plugin 'INNODB_BUFFER_PAGE'
2017-06-08 09:59:15 6980 [Note] Shutting down plugin 'INNODB_CMP_PER_INDEX_RESET'
2017-06-08 09:59:15 6980 [Note] Shutting down plugin 'INNODB_CMP_PER_INDEX'
2017-06-08 09:59:15 6980 [Note] Shutting down plugin 'INNODB_CMPMEM_RESET'
2017-06-08 09:59:15 6980 [Note] Shutting down plugin 'INNODB_CMPMEM'
2017-06-08 09:59:15 6980 [Note] Shutting down plugin 'INNODB_CMP_RESET'
2017-06-08 09:59:15 6980 [Note] Shutting down plugin 'INNODB_CMP'
2017-06-08 09:59:15 6980 [Note] Shutting down plugin 'INNODB_LOCK_WAITS'
2017-06-08 09:59:15 6980 [Note] Shutting down plugin 'INNODB_LOCKS'
2017-06-08 09:59:15 6980 [Note] Shutting down plugin 'INNODB_TRX'
2017-06-08 09:59:15 6980 [Note] Shutting down plugin 'InnoDB'
2017-06-08 09:59:15 6980 [Note] InnoDB: FTS optimize thread exiting.
2017-06-08 09:59:15 6980 [Note] InnoDB: Starting shutdown...
2017-06-08 09:59:16 6980 [Note] InnoDB: Shutdown completed; log sequence number 2733959
2017-06-08 09:59:16 6980 [Note] Shutting down plugin 'BLACKHOLE'
2017-06-08 09:59:16 6980 [Note] Shutting down plugin 'ARCHIVE'
2017-06-08 09:59:16 6980 [Note] Shutting down plugin 'MRG_MYISAM'
2017-06-08 09:59:16 6980 [Note] Shutting down plugin 'MyISAM'
2017-06-08 09:59:16 6980 [Note] Shutting down plugin 'MEMORY'
2017-06-08 09:59:16 6980 [Note] Shutting down plugin 'CSV'
2017-06-08 09:59:16 6980 [Note] Shutting down plugin 'sha256_password'
2017-06-08 09:59:16 6980 [Note] Shutting down plugin 'mysql_old_password'
2017-06-08 09:59:16 6980 [Note] Shutting down plugin 'mysql_native_password'
2017-06-08 09:59:16 6980 [Note] Shutting down plugin 'binlog'
2017-06-08 09:59:16 6980 [Note] G:\BICT\UniServerZ\core\mysql\bin\mysqld_z.exe: Shutdown complete

2018-05-14 10:30:26 6824 [Note] Plugin 'FEDERATED' is disabled.
2018-05-14 10:30:26 6824 [Note] InnoDB: Using atomics to ref count buffer pool pages
2018-05-14 10:30:26 6824 [Note] InnoDB: The InnoDB memory heap is disabled
2018-05-14 10:30:26 6824 [Note] InnoDB: Mutexes and rw_locks use Windows interlocked functions
2018-05-14 10:30:26 6824 [Note] InnoDB: Memory barrier is not used
2018-05-14 10:30:26 6824 [Note] InnoDB: Compressed tables use zlib 1.2.3
2018-05-14 10:30:26 6824 [Note] InnoDB: Not using CPU crc32 instructions
2018-05-14 10:30:26 6824 [Note] InnoDB: Initializing buffer pool, size = 32.0M
2018-05-14 10:30:26 6824 [Note] InnoDB: Completed initialization of buffer pool
2018-05-14 10:30:26 6824 [Note] InnoDB: Highest supported file format is Barracuda.
2018-05-14 10:30:27 6824 [Note] InnoDB: 128 rollback segment(s) are active.
2018-05-14 10:30:27 6824 [Note] InnoDB: Waiting for purge to start
2018-05-14 10:30:27 6824 [Note] InnoDB: 5.6.35 started; log sequence number 2733959
2018-05-14 10:30:27 6824 [Note] Server hostname (bind-address): '127.0.0.1'; port: 3306
2018-05-14 10:30:27 6824 [Note]   - '127.0.0.1' resolves to '127.0.0.1';
2018-05-14 10:30:27 6824 [Note] Server socket created on IP: '127.0.0.1'.
2018-05-14 10:30:27 6824 [Note] Event Scheduler: Loaded 0 events
2018-05-14 10:30:27 6824 [Note] D:\00_Coding\UniServerZ\core\mysql\bin\mysqld_z.exe: ready for connections.
Version: '5.6.35'  socket: ''  port: 3306  MySQL Community Server (GPL)
2018-05-15 08:28:19 16748 [Note] Plugin 'FEDERATED' is disabled.
2018-05-15 08:28:19 16748 [Note] InnoDB: Using atomics to ref count buffer pool pages
2018-05-15 08:28:19 16748 [Note] InnoDB: The InnoDB memory heap is disabled
2018-05-15 08:28:19 16748 [Note] InnoDB: Mutexes and rw_locks use Windows interlocked functions
2018-05-15 08:28:19 16748 [Note] InnoDB: Memory barrier is not used
2018-05-15 08:28:19 16748 [Note] InnoDB: Compressed tables use zlib 1.2.3
2018-05-15 08:28:19 16748 [Note] InnoDB: Not using CPU crc32 instructions
2018-05-15 08:28:19 16748 [Note] InnoDB: Initializing buffer pool, size = 32.0M
2018-05-15 08:28:19 16748 [Note] InnoDB: Completed initialization of buffer pool
2018-05-15 08:28:19 16748 [Note] InnoDB: Highest supported file format is Barracuda.
2018-05-15 08:28:19 16748 [Note] InnoDB: The log sequence numbers 2733959 and 2733959 in ibdata files do not match the log sequence number 3867526 in the ib_logfiles!
2018-05-15 08:28:19 16748 [Note] InnoDB: Database was not shutdown normally!
2018-05-15 08:28:19 16748 [Note] InnoDB: Starting crash recovery.
2018-05-15 08:28:19 16748 [Note] InnoDB: Reading tablespace information from the .ibd files...
2018-05-15 08:28:19 16748 [Note] InnoDB: Restoring possible half-written data pages 
2018-05-15 08:28:19 16748 [Note] InnoDB: from the doublewrite buffer...
2018-05-15 08:28:20 16748 [Note] InnoDB: 128 rollback segment(s) are active.
2018-05-15 08:28:20 16748 [Note] InnoDB: Waiting for purge to start
2018-05-15 08:28:20 16748 [Note] InnoDB: 5.6.35 started; log sequence number 3867526
2018-05-15 08:28:20 16748 [Note] Server hostname (bind-address): '127.0.0.1'; port: 3306
2018-05-15 08:28:20 16748 [Note]   - '127.0.0.1' resolves to '127.0.0.1';
2018-05-15 08:28:20 16748 [Note] Server socket created on IP: '127.0.0.1'.
2018-05-15 08:28:20 16748 [Note] Event Scheduler: Loaded 0 events
2018-05-15 08:28:20 16748 [Note] D:\00_Coding\UniServerZ\core\mysql\bin\mysqld_z.exe: ready for connections.
Version: '5.6.35'  socket: ''  port: 3306  MySQL Community Server (GPL)
